{
  "RSpec": {
    "coverage": {
      "/Users/rebekahgalliano/Projects/Makers/WK1/airport_challenge/spec/airport_spec.rb": [
        1,
        1,
        1,
        4,
        1,
        null,
        2,
        2,
        null,
        1,
        1,
        1,
        11,
        2,
        null,
        null,
        1,
        1,
        1,
        1,
        1,
        1,
        null,
        null,
        null,
        1,
        1,
        1,
        1,
        1,
        1,
        1,
        null,
        null,
        1,
        1,
        1,
        1,
        1,
        1,
        null,
        null,
        1,
        2,
        null,
        null,
        null
      ],
      "/Users/rebekahgalliano/Projects/Makers/WK1/airport_challenge/lib/airport.rb": [
        1,
        1,
        1,
        1,
        1,
        null,
        1,
        7,
        7,
        null,
        null,
        1,
        3,
        null,
        null,
        1,
        15,
        null,
        null,
        1,
        15,
        null,
        14,
        null,
        14,
        null,
        null,
        1,
        3,
        2,
        2,
        null,
        2,
        null,
        null
      ],
      "/Users/rebekahgalliano/Projects/Makers/WK1/airport_challenge/lib/plane.rb": [
        1,
        1,
        1,
        null,
        1,
        0,
        null,
        null,
        1,
        1,
        1,
        null,
        null
      ],
      "/Users/rebekahgalliano/Projects/Makers/WK1/airport_challenge/lib/weather.rb": [
        1,
        1,
        1,
        2,
        2,
        null,
        null,
        1,
        4,
        null,
        2,
        null,
        null
      ],
      "/Users/rebekahgalliano/Projects/Makers/WK1/airport_challenge/spec/plane_spec.rb": [
        1,
        1,
        2,
        2,
        null,
        1,
        1,
        1,
        2,
        null,
        null,
        null
      ],
      "/Users/rebekahgalliano/Projects/Makers/WK1/airport_challenge/spec/weather_spec.rb": [
        1,
        1,
        1,
        1,
        1,
        null,
        null,
        1,
        1,
        1,
        null,
        null
      ]
    },
    "timestamp": 1601933593
  }
}
